<?xml version="1.0" encoding="UTF-8"?>
<!-- Generated by org.testng.reporters.JUnitReportReporter -->
<testsuite skipped="7" hostname="Chetuiwk1317" name="modules_automation.Register" tests="8" failures="0" timestamp="27 Jul 2017 15:56:16 GMT" time="126.497" errors="1">
  <testcase name="startUp" time="126.497" classname="modules_automation.Register">
    <error type="org.openqa.selenium.NoSuchElementException" message="Unable to locate element: Password
For documentation on this error, please visit: http://seleniumhq.org/exceptions/no_such_element.html
Build info: version: &#039;unknown&#039;, revision: &#039;unknown&#039;, time: &#039;unknown&#039;
System info: host: &#039;CHETUIWK1317&#039;, ip: &#039;169.254.179.193&#039;, os.name: &#039;Windows 7&#039;, os.arch: &#039;amd64&#039;, os.version: &#039;6.1&#039;, java.version: &#039;1.8.0_131&#039;
Driver info: org.openqa.selenium.firefox.FirefoxDriver
Capabilities [{moz:profile=C:\Users\amitk2\AppData\Local\Temp\rust_mozprofile.tY9Shsc0uRUd, rotatable=false, timeouts={implicit=0.0, pageLoad=300000.0, script=30000.0}, pageLoadStrategy=normal, platform=ANY, specificationLevel=0.0, moz:accessibilityChecks=false, acceptInsecureCerts=true, browserVersion=55.0, platformVersion=6.1, moz:processID=8020.0, browserName=firefox, javascriptEnabled=true, platformName=windows_nt}]
Session ID: ecc0ffd0-5798-4ed1-8a90-eb457cbd14fc
*** Element info: {Using=xpath, value=Password}">
      <![CDATA[org.openqa.selenium.NoSuchElementException: Unable to locate element: Password
For documentation on this error, please visit: http://seleniumhq.org/exceptions/no_such_element.html
Build info: version: 'unknown', revision: 'unknown', time: 'unknown'
System info: host: 'CHETUIWK1317', ip: '169.254.179.193', os.name: 'Windows 7', os.arch: 'amd64', os.version: '6.1', java.version: '1.8.0_131'
Driver info: org.openqa.selenium.firefox.FirefoxDriver
Capabilities [{moz:profile=C:\Users\amitk2\AppData\Local\Temp\rust_mozprofile.tY9Shsc0uRUd, rotatable=false, timeouts={implicit=0.0, pageLoad=300000.0, script=30000.0}, pageLoadStrategy=normal, platform=ANY, specificationLevel=0.0, moz:accessibilityChecks=false, acceptInsecureCerts=true, browserVersion=55.0, platformVersion=6.1, moz:processID=8020.0, browserName=firefox, javascriptEnabled=true, platformName=windows_nt}]
Session ID: ecc0ffd0-5798-4ed1-8a90-eb457cbd14fc
*** Element info: {Using=xpath, value=Password}
	at sun.reflect.NativeConstructorAccessorImpl.newInstance0(Native Method)
	at sun.reflect.NativeConstructorAccessorImpl.newInstance(NativeConstructorAccessorImpl.java:62)
	at sun.reflect.DelegatingConstructorAccessorImpl.newInstance(DelegatingConstructorAccessorImpl.java:45)
	at java.lang.reflect.Constructor.newInstance(Constructor.java:423)
	at org.openqa.selenium.remote.http.W3CHttpResponseCodec.createException(W3CHttpResponseCodec.java:150)
	at org.openqa.selenium.remote.http.W3CHttpResponseCodec.decode(W3CHttpResponseCodec.java:115)
	at org.openqa.selenium.remote.http.W3CHttpResponseCodec.decode(W3CHttpResponseCodec.java:45)
	at org.openqa.selenium.remote.HttpCommandExecutor.execute(HttpCommandExecutor.java:164)
	at org.openqa.selenium.remote.service.DriverCommandExecutor.execute(DriverCommandExecutor.java:82)
	at org.openqa.selenium.remote.RemoteWebDriver.execute(RemoteWebDriver.java:637)
	at org.openqa.selenium.remote.RemoteWebDriver.findElement(RemoteWebDriver.java:410)
	at org.openqa.selenium.remote.RemoteWebDriver.findElementByXPath(RemoteWebDriver.java:509)
	at org.openqa.selenium.By$ByXPath.findElement(By.java:361)
	at org.openqa.selenium.remote.RemoteWebDriver.findElement(RemoteWebDriver.java:402)
	at modules_pom_registration.Register_Pom.clickFieldName(Register_Pom.java:13)
	at modules_automation.Register.doRegister(Register.java:178)
	at modules_automation.Sikuli_Automation.automationcript(Sikuli_Automation.java:54)
	at modules_automation.Register.startUp(Register.java:35)
	at sun.reflect.NativeMethodAccessorImpl.invoke0(Native Method)
	at sun.reflect.NativeMethodAccessorImpl.invoke(NativeMethodAccessorImpl.java:62)
	at sun.reflect.DelegatingMethodAccessorImpl.invoke(DelegatingMethodAccessorImpl.java:43)
	at java.lang.reflect.Method.invoke(Method.java:498)
	at org.testng.internal.MethodInvocationHelper.invokeMethod(MethodInvocationHelper.java:108)
	at org.testng.internal.Invoker.invokeConfigurationMethod(Invoker.java:523)
	at org.testng.internal.Invoker.invokeConfigurations(Invoker.java:224)
	at org.testng.internal.Invoker.invokeConfigurations(Invoker.java:146)
	at org.testng.TestRunner.beforeRun(TestRunner.java:626)
	at org.testng.TestRunner.run(TestRunner.java:594)
	at org.testng.SuiteRunner.runTest(SuiteRunner.java:380)
	at org.testng.SuiteRunner.runSequentially(SuiteRunner.java:375)
	at org.testng.SuiteRunner.privateRun(SuiteRunner.java:340)
	at org.testng.SuiteRunner.run(SuiteRunner.java:289)
	at org.testng.SuiteRunnerWorker.runSuite(SuiteRunnerWorker.java:52)
	at org.testng.SuiteRunnerWorker.run(SuiteRunnerWorker.java:86)
	at org.testng.TestNG.runSuitesSequentially(TestNG.java:1301)
	at org.testng.TestNG.runSuitesLocally(TestNG.java:1226)
	at org.testng.TestNG.runSuites(TestNG.java:1144)
	at org.testng.TestNG.run(TestNG.java:1115)
	at org.testng.remote.AbstractRemoteTestNG.run(AbstractRemoteTestNG.java:132)
	at org.testng.remote.RemoteTestNG.initAndRun(RemoteTestNG.java:230)
	at org.testng.remote.RemoteTestNG.main(RemoteTestNG.java:76)
]]>
    </error>
  </testcase> <!-- startUp -->
  <testcase name="clickStartButton" time="0.000" classname="modules_automation.Register">
    <skipped/>
  </testcase> <!-- clickStartButton -->
  <testcase name="clickRegister" time="0.000" classname="modules_automation.Register">
    <skipped/>
  </testcase> <!-- clickRegister -->
  <testcase name="clickBusinessType_FashionNApparel" time="0.000" classname="modules_automation.Register">
    <skipped/>
  </testcase> <!-- clickBusinessType_FashionNApparel -->
  <testcase name="clickNextButtonAfterSelectingBuisnessType" time="0.000" classname="modules_automation.Register">
    <skipped/>
  </testcase> <!-- clickNextButtonAfterSelectingBuisnessType -->
  <testcase name="clickNumberofStores" time="0.000" classname="modules_automation.Register">
    <skipped/>
  </testcase> <!-- clickNumberofStores -->
  <testcase name="doRegister" time="0.000" classname="modules_automation.Register">
    <skipped/>
  </testcase> <!-- doRegister -->
  <testcase name="clickRegisterButton" time="0.000" classname="modules_automation.Register">
    <skipped/>
  </testcase> <!-- clickRegisterButton -->
</testsuite> <!-- modules_automation.Register -->
